<?xml version="1.0" encoding="UTF-8" ?>
<testsuite errors="0" failures="0" hostname="Danish_Mehmood" name="calculator.TestSuit" skipped="0" tests="4" time="0.09" timestamp="2018-05-15T10:49:54">
  <properties>
    <property name="java.vendor" value="Oracle Corporation" />
    <property name="env.USERDOMAIN_ROAMINGPROFILE" value="DANISH_MEHMOOD" />
    <property name="sun.java.launcher" value="SUN_STANDARD" />
    <property name="sun.management.compiler" value="HotSpot 64-Bit Tiered Compilers" />
    <property name="env.PROMPT" value="$P$G" />
    <property name="os.name" value="Windows 8.1" />
    <property name="env.FP_NO_HOST_CHECK" value="NO" />
    <property name="sun.boot.class.path" value="C:\Program Files\Java\jdk1.8.0_71\jre\lib\resources.jar;C:\Program Files\Java\jdk1.8.0_71\jre\lib\rt.jar;C:\Program Files\Java\jdk1.8.0_71\jre\lib\sunrsasign.jar;C:\Program Files\Java\jdk1.8.0_71\jre\lib\jsse.jar;C:\Program Files\Java\jdk1.8.0_71\jre\lib\jce.jar;C:\Program Files\Java\jdk1.8.0_71\jre\lib\charsets.jar;C:\Program Files\Java\jdk1.8.0_71\jre\lib\jfr.jar;C:\Program Files\Java\jdk1.8.0_71\jre\classes" />
    <property name="env.COMPUTERNAME" value="DANISH_MEHMOOD" />
    <property name="env.CommonProgramW6432" value="C:\Program Files\Common Files" />
    <property name="env.ALLUSERSPROFILE" value="C:\ProgramData" />
    <property name="sun.desktop" value="windows" />
    <property name="java.vm.specification.vendor" value="Oracle Corporation" />
    <property name="ant.home" value="E:\apache-ant-1.10.3-bin" />
    <property name="java.runtime.version" value="1.8.0_71-b15" />
    <property name="env.HOMEPATH" value="\Users\Danish" />
    <property name="ant.file.calculator" value="C:\Users\Danish\Documents\new\calculator\build.xml" />
    <property name="user.name" value="Danish" />
    <property name="ant.file.type.calculator" value="file" />
    <property name="user.language" value="en" />
    <property name="sun.boot.library.path" value="C:\Program Files\Java\jdk1.8.0_71\jre\bin" />
    <property name="env.LR_PATH" value="C:\Program Files (x86)\HPE\LoadRunner\" />
    <property name="ant.project.default-target" value="build" />
    <property name="ant.project.name" value="calculator" />
    <property name="java.version" value="1.8.0_71" />
    <property name="env.PROCESSOR_IDENTIFIER" value="Intel64 Family 6 Model 69 Stepping 1, GenuineIntel" />
    <property name="user.timezone" value="" />
    <property name="env.TEMP" value="C:\Users\Danish\AppData\Local\Temp" />
    <property name="sun.arch.data.model" value="64" />
    <property name="java.endorsed.dirs" value="C:\Program Files\Java\jdk1.8.0_71\jre\lib\endorsed" />
    <property name="env._JAVACMD" value="C:\Program Files\Java\jdk1.8.0_71\\bin\java.exe" />
    <property name="sun.cpu.isalist" value="amd64" />
    <property name="env.HOMEDRIVE" value="C:" />
    <property name="sun.jnu.encoding" value="Cp1252" />
    <property name="file.encoding.pkg" value="sun.io" />
    <property name="ECLIPSE_HOME" value="F:/eclipse-java-mars-1-win32-x86_64/eclipse/" />
    <property name="file.separator" value="\" />
    <property name="java.specification.name" value="Java Platform API Specification" />
    <property name="java.class.version" value="52.0" />
    <property name="user.country" value="US" />
    <property name="java.home" value="C:\Program Files\Java\jdk1.8.0_71\jre" />
    <property name="dist.dir" value="C:\Users\Danish\Documents\new\calculator\dist" />
    <property name="env.PSModulePath" value="C:\Windows\system32\WindowsPowerShell\v1.0\Modules\" />
    <property name="env.APPDATA" value="C:\Users\Danish\AppData\Roaming" />
    <property name="env.PUBLIC" value="C:\Users\Public" />
    <property name="java.vm.info" value="mixed mode" />
    <property name="env.ComSpec" value="C:\Windows\system32\cmd.exe" />
    <property name="env.OS" value="Windows_NT" />
    <property name="env.CommonProgramFiles" value="C:\Program Files\Common Files" />
    <property name="ant.file" value="C:\Users\Danish\Documents\new\calculator\build.xml" />
    <property name="os.version" value="6.3" />
    <property name="env.=ExitCode" value="00000080" />
    <property name="env.ProgramW6432" value="C:\Program Files" />
    <property name="env._USE_CLASSPATH" value="no" />
    <property name="env.=::" value="::\" />
    <property name="path.separator" value=";" />
    <property name="java.vm.version" value="25.71-b15" />
    <property name="env.VUGEN_PATH" value="C:\Program Files (x86)\HPE\LoadRunner\" />
    <property name="env.USERPROFILE" value="C:\Users\Danish" />
    <property name="user.variant" value="" />
    <property name="ant.library.dir" value="E:\apache-ant-1.10.3-bin\lib" />
    <property name="junit.output.dir" value="junit" />
    <property name="env.JAVA_HOME" value="C:\Program Files\Java\jdk1.8.0_71\" />
    <property name="java.awt.printerjob" value="sun.awt.windows.WPrinterJob" />
    <property name="env.TMP" value="C:\Users\Danish\AppData\Local\Temp" />
    <property name="sun.io.unicode.encoding" value="UnicodeLittle" />
    <property name="env.LG_PATH" value="C:\Program Files (x86)\HPE\LoadRunner\" />
    <property name="awt.toolkit" value="sun.awt.windows.WToolkit" />
    <property name="sun.stdout.encoding" value="cp437" />
    <property name="user.script" value="" />
    <property name="target" value="1.8" />
    <property name="user.home" value="C:\Users\Danish" />
    <property name="env.VS140COMNTOOLS" value="C:\Program Files (x86)\Microsoft Visual Studio 14.0\Common7\Tools\" />
    <property name="env.ProgramData" value="C:\ProgramData" />
    <property name="env.ProgramFiles(x86)" value="C:\Program Files (x86)" />
    <property name="env.SESSIONNAME" value="Console" />
    <property name="java.specification.vendor" value="Oracle Corporation" />
    <property name="java.vendor.url" value="http://java.oracle.com/" />
    <property name="java.library.path" value="C:\Program Files\Java\jdk1.8.0_71\jre\bin;C:\Windows\Sun\Java\bin;C:\Windows\system32;C:\Windows;C:\Program Files\HPE\NV\lib\shunra\vcat;c:\Windows\System32;C:\Program Files\Microsoft DNX\Dnvm\;C:\Program Files\Microsoft SQL Server\120\Tools\Binn\;C:\Program Files\Git\cmd;E:\apache-ant-1.10.3-bin\bin;C:\Program Files\nodejs\;C:\Program Files (x86)\HPE\LoadRunner\strawberry-perl\perl\bin;C:\Program Files\Java\jdk1.8.0_71\bin;C:\Users\Danish\AppData\Roaming\npm;C:\Program Files\Microsoft VS Code\bin;." />
    <property name="env.NUMBER_OF_PROCESSORS" value="4" />
    <property name="java.vm.vendor" value="Oracle Corporation" />
    <property name="java.runtime.name" value="Java(TM) SE Runtime Environment" />
    <property name="ant.version" value="Apache Ant(TM) version 1.10.3 compiled on March 24 2018" />
    <property name="java.class.path" value="C:\Users\Danish\Documents\new\calculator\bin;F:\eclipse-java-mars-1-win32-x86_64\eclipse\plugins\org.junit_4.12.0.v201504281640\junit.jar;F:\eclipse-java-mars-1-win32-x86_64\eclipse\plugins\org.hamcrest.core_1.3.0.v201303031735.jar;E:\apache-ant-1.10.3-bin\lib\ant-launcher.jar;E:\apache-ant-1.10.3-bin\lib\ant.jar;E:\apache-ant-1.10.3-bin\lib\ant-junit.jar;E:\apache-ant-1.10.3-bin\lib\ant-junit4.jar" />
    <property name="sun.java.command" value="org.apache.tools.ant.taskdefs.optional.junit.JUnitTestRunner calculator.TestSuit skipNonTests=false filtertrace=true haltOnError=false haltOnFailure=false formatter=org.apache.tools.ant.taskdefs.optional.junit.OutErrSummaryJUnitResultFormatter showoutput=false outputtoformatters=true logfailedtests=true threadid=0 logtestlistenerevents=false formatter=org.apache.tools.ant.taskdefs.optional.junit.XMLJUnitResultFormatter,C:\Users\Danish\Documents\new\calculator\junit\TEST-calculator.TestSuit.xml crashfile=C:\Users\Danish\Documents\new\calculator\junitvmwatcher7753495302605141984.properties propsfile=C:\Users\Danish\Documents\new\calculator\junit7929441974921932692.properties" />
    <property name="java.vm.specification.name" value="Java Virtual Machine Specification" />
    <property name="ant.file.type" value="file" />
    <property name="env.windir" value="C:\Windows" />
    <property name="env.LOGONSERVER" value="\\MicrosoftAccount" />
    <property name="env.PROCESSOR_ARCHITECTURE" value="AMD64" />
    <property name="java.vm.specification.version" value="1.8" />
    <property name="sun.os.patch.level" value="" />
    <property name="sun.cpu.endian" value="little" />
    <property name="debuglevel" value="source,lines,vars" />
    <property name="env.ProgramFiles" value="C:\Program Files" />
    <property name="env.ANT_HOME" value="E:\apache-ant-1.10.3-bin" />
    <property name="java.io.tmpdir" value="C:\Users\Danish\AppData\Local\Temp\" />
    <property name="env.PROCESSOR_REVISION" value="4501" />
    <property name="env.CommonProgramFiles(x86)" value="C:\Program Files (x86)\Common Files" />
    <property name="java.vendor.url.bug" value="http://bugreport.sun.com/bugreport/" />
    <property name="env.SystemRoot" value="C:\Windows" />
    <property name="java.awt.graphicsenv" value="sun.awt.Win32GraphicsEnvironment" />
    <property name="os.arch" value="amd64" />
    <property name="env.ANT_CMD_LINE_ARGS" value=" release" />
    <property name="java.ext.dirs" value="C:\Program Files\Java\jdk1.8.0_71\jre\lib\ext;C:\Windows\Sun\Java\lib\ext" />
    <property name="user.dir" value="C:\Users\Danish\Documents\new\calculator" />
    <property name="env.LOCALAPPDATA" value="C:\Users\Danish\AppData\Local" />
    <property name="line.separator" value="&#xd;&#xa;" />
    <property name="java.vm.name" value="Java HotSpot(TM) 64-Bit Server VM" />
    <property name="env.PATHEXT" value=".COM;.EXE;.BAT;.CMD;.VBS;.VBE;.JS;.JSE;.WSF;.WSH;.MSC" />
    <property name="env.Path" value="C:\Program Files\HPE\NV\lib\shunra\vcat;c:\Windows\System32;C:\Program Files\Microsoft DNX\Dnvm\;C:\Program Files\Microsoft SQL Server\120\Tools\Binn\;C:\Program Files\Git\cmd;E:\apache-ant-1.10.3-bin\bin;C:\Program Files\nodejs\;C:\Program Files (x86)\HPE\LoadRunner\strawberry-perl\perl\bin;C:\Program Files\Java\jdk1.8.0_71\bin;C:\Users\Danish\AppData\Roaming\npm;C:\Program Files\Microsoft VS Code\bin" />
    <property name="env.JRE_HOME" value="C:\Program Files\Java\jre1.8.0_71\" />
    <property name="basedir" value="C:\Users\Danish\Documents\new\calculator" />
    <property name="ant.java.version" value="1.8" />
    <property name="ant.core.lib" value="E:\apache-ant-1.10.3-bin\lib\ant.jar" />
    <property name="env.USERNAME" value="Danish" />
    <property name="source" value="1.8" />
    <property name="env.SystemDrive" value="C:" />
    <property name="file.encoding" value="Cp1252" />
    <property name="sun.stderr.encoding" value="cp437" />
    <property name="env.USERDOMAIN" value="DANISH_MEHMOOD" />
    <property name="java.specification.version" value="1.8" />
    <property name="env.=C:" value="C:\Users\Danish\Documents\new\calculator" />
    <property name="ant.project.invoked-targets" value="release" />
    <property name="env.ANALYSIS_PATH" value="C:\Program Files (x86)\HPE\LoadRunner\" />
    <property name="env.VBOX_MSI_INSTALL_PATH" value="C:\Program Files\Oracle\VirtualBox\" />
    <property name="env.PROCESSOR_LEVEL" value="6" />
  </properties>
  <testcase classname="calculator.TestSuit" name="testSum" time="0.007" />
  <testcase classname="calculator.TestSuit" name="testMinus" time="0.0" />
  <testcase classname="calculator.TestSuit" name="testDivide" time="0.0" />
  <testcase classname="calculator.TestSuit" name="testDivideWillThrowExceptionWhenDivideOnZero" time="0.0" />
  <system-out><![CDATA[]]></system-out>
  <system-err><![CDATA[]]></system-err>
</testsuite>
